Last Response XML: <xmp>0
<?xml version="1.0" encoding="utf-8"?>
	<soap:Envelope xmlns:soap="http://www.w3.org/2003/05/soap-envelope" xmlns:xsi="http://www.w3.org/2001/XMLSchema-instance" xmlns:xsd="http://www.w3.org/2001/XMLSchema">
		<soap:Body>
			<NewCustomers_CreateResponse xmlns="http://api.myh2o.com/v20">
				<NewCustomers_CreateResult>
					<Header>
						<Success>true
							</Success>
						<SessionKey>91yqUwvt56DieuMFOK9epBPBTXpXUcGReVxLh4+9b/NpTJeyQvD45Qy15VCDBGk9Vib9L3g394pRGfiSzaYDTES7mcIcndFeM+UpoXZGmR2rc7i7Pe72TA==
							</SessionKey>
						<Impersonated>false
							</Impersonated>
						</Header>
					<Customer_ID>1826
						</Customer_ID>
					<Status>PENDING
						</Status>
					<Orders>
						<Order>1276
							</Order>
						</Orders>
					<Lines>
						<Line>3380
							</Line>
						</Lines>
					<Products>
						<Product>
							<ProductID>4585
								</ProductID>
							<ProductGroupID>0
								</ProductGroupID>
							<LeadProductFlag>false
								</LeadProductFlag>
							</Product>
						<Product>
							<ProductID>4586
								</ProductID>
							<ProductGroupID>0
								</ProductGroupID>
							<LeadProductFlag>false
								</LeadProductFlag>
							</Product>
						<Product>
							<ProductID>4632
								</ProductID>
							<ProductGroupID>0
								</ProductGroupID>
							<LeadProductFlag>false
								</LeadProductFlag>
							</Product>
						</Products>
					</NewCustomers_CreateResult>
				</NewCustomers_CreateResponse>
			</soap:Body>
		</soap:Envelope></xmp>Last Response: <pre>stdClass Object
(
    [NewCustomers_CreateResult] => stdClass Object
        (
            [Header] => stdClass Object
                (
                    [Success] => 1
                    [SessionKey] => 91yqUwvt56DieuMFOK9epBPBTXpXUcGReVxLh4+9b/NpTJeyQvD45Qy15VCDBGk9Vib9L3g394pRGfiSzaYDTES7mcIcndFeM+UpoXZGmR2rc7i7Pe72TA==
                    [Impersonated] => 
                )

            [Customer_ID] => 1826
            [Status] => PENDING
            [Orders] => stdClass Object
                (
                    [Order] => 1276
                )

            [Lines] => stdClass Object
                (
                    [Line] => 3380
                )

            [Products] => stdClass Object
                (
                    [Product] => Array
                        (
                            [0] => stdClass Object
                                (
                                    [ProductID] => 4585
                                    [ProductGroupID] => 0
                                    [LeadProductFlag] => 
                                )

                            [1] => stdClass Object
                                (
                                    [ProductID] => 4586
                                    [ProductGroupID] => 0
                                    [LeadProductFlag] => 
                                )

                            [2] => stdClass Object
                                (
                                    [ProductID] => 4632
                                    [ProductGroupID] => 0
                                    [LeadProductFlag] => 
                                )

                        )

                )

        )

)
</pre>Last Resquest XML: <xmp>0
<?xml version="1.0" encoding="UTF-8"?>

	<env:Envelope xmlns:env="http://www.w3.org/2003/05/soap-envelope" xmlns:ns1="http://api.myh2o.com/v20" xmlns:enc="http://www.w3.org/2003/05/soap-encoding">
		<env:Body>
			<ns1:NewCustomers_Create>
				<ns1:Request>
					<ns1:Credentials>
						<ns1:Username>jrobbins
							</ns1:Username>
						<ns1:Password>g3ck0!
							</ns1:Password>
						<ns1:Client>cbv
							</ns1:Client>
						</ns1:Credentials>
					<ns1:Customer>
						<ns1:PhysicalAddress enc:id="ref1">
							<ns1:CompanyName>SV Select Comfort 11111
								</ns1:CompanyName>
							<ns1:Address1>123 Main St
								</ns1:Address1>
							<ns1:Address2>
								</ns1:Address2>
							<ns1:City>Chicago
								</ns1:City>
							<ns1:State>IL
								</ns1:State>
							<ns1:Zip>60061
								</ns1:Zip>
							<ns1:Country>USA
								</ns1:Country>
							</ns1:PhysicalAddress>
						<ns1:MailingAddress>
							<ns1:CompanyName>SV Select Comfort 11111
								</ns1:CompanyName>
							<ns1:Address1>123 Main St
								</ns1:Address1>
							<ns1:Address2>
								</ns1:Address2>
							<ns1:City>Chicago
								</ns1:City>
							<ns1:State>IL
								</ns1:State>
							<ns1:Zip>60061
								</ns1:Zip>
							<ns1:Country>USA
								</ns1:Country>
							</ns1:MailingAddress>
						<ns1:Billing>
							<ns1:Balance>0
								</ns1:Balance>
							<ns1:Due>0
								</ns1:Due>
							<ns1:UnbilledUsage>0
								</ns1:UnbilledUsage>
							<ns1:EnableBalanceLimit>false
								</ns1:EnableBalanceLimit>
							<ns1:PaymentTerms>0
								</ns1:PaymentTerms>
							<ns1:PaymentTermsOverride>false
								</ns1:PaymentTermsOverride>
							</ns1:Billing>
						<ns1:CustomerClass>Business
							</ns1:CustomerClass>
						<ns1:ParentCustomerID>1700
							</ns1:ParentCustomerID>
						<ns1:ContractStart>2016-07-19
							</ns1:ContractStart>
						</ns1:Customer>
					<ns1:Order>
						<ns1:PackageID>1006
							</ns1:PackageID>
						<ns1:ShippingAddress enc:ref="#ref1"/>
							<ns1:Description>description
								</ns1:Description>
							<ns1:AdditionalProducts>
								<ns1:Product>
									<ns1:ProductID>4632
										</ns1:ProductID>
									<ns1:Rate>27.5
										</ns1:Rate>
									<ns1:Quantity>2
										</ns1:Quantity>
									<ns1:Description>SV Managed Extension
										</ns1:Description>
									</ns1:Product>
								<ns1:Product>
									<ns1:ProductID>4585
										</ns1:ProductID>
									<ns1:Rate>3
										</ns1:Rate>
									<ns1:Quantity>2
										</ns1:Quantity>
									<ns1:Description>SV - 911 Recovery Charge
										</ns1:Description>
									</ns1:Product>
								<ns1:Product>
									<ns1:ProductID>4586
										</ns1:ProductID>
									<ns1:Rate>2
										</ns1:Rate>
									<ns1:Quantity>2
										</ns1:Quantity>
									<ns1:Description>SV - Regulatory Recovery Fee
										</ns1:Description>
									</ns1:Product>
								</ns1:AdditionalProducts>
							</ns1:Order>
						</ns1:Request>
					</ns1:NewCustomers_Create>
				</env:Body>
			</env:Envelope>
</xmp>Last Resquest: <pre>Array
(
    [Request] => Array
        (
            [Credentials] => Array
                (
                    [Username] => jrobbins
                    [Password] => g3ck0!
                    [Client] => cbv
                )

            [Customer] => Array
                (
                    [CustomerClass] => Business
                    [ParentCustomerID] => 1700
                    [PhysicalAddress] => Array
                        (
                            [CompanyName] => SV Select Comfort 11111
                            [Address1] => 123 Main St
                            [Address2] => 
                            [City] => Chicago
                            [State] => IL
                            [Zip] => 60061
                            [Country] => USA
                        )

                    [MailingAddress] => Array
                        (
                            [CompanyName] => SV Select Comfort 11111
                            [Address1] => 123 Main St
                            [Address2] => 
                            [City] => Chicago
                            [State] => IL
                            [Zip] => 60061
                            [Country] => USA
                        )

                    [Billing] => Array
                        (
                            [Balance] => 0
                            [Due] => 0
                            [OverDue] => 0
                            [UnbilledUsage] => 0
                            [UsageBalanceLimit] => 0
                            [EnableBalanceLimit] => 0
                            [PaymentTermsOverride] => 0
                            [PaymentTerms] => 0
                        )

                    [ContractStart] => 2016-07-19
                )

            [Order] => Array
                (
                    [ShippingAddress] => Array
                        (
                            [CompanyName] => SV Select Comfort 11111
                            [Address1] => 123 Main St
                            [Address2] => 
                            [City] => Chicago
                            [State] => IL
                            [Zip] => 60061
                            [Country] => USA
                        )

                    [MailingAddress] => Array
                        (
                            [CompanyName] => SV Select Comfort 11111
                            [Address1] => 123 Main St
                            [Address2] => 
                            [City] => Chicago
                            [State] => IL
                            [Zip] => 60061
                            [Country] => USA
                        )

                    [Description] => description
                    [TN] => 3123333333
                    [PackageID] => 1006
                    [AdditionalProducts] => Array
                        (
                            [0] => Array
                                (
                                    [Product] => Array
                                        (
                                        )

                                    [ProductID] => 4632
                                    [Rate] => 27.5
                                    [Quantity] => 2
                                    [Description] => SV Managed Extension
                                )

                            [1] => Array
                                (
                                    [Product] => Array
                                        (
                                        )

                                    [ProductID] => 4585
                                    [Rate] => 3
                                    [Quantity] => 2
                                    [Description] => SV - 911 Recovery Charge
                                )

                            [2] => Array
                                (
                                    [Product] => Array
                                        (
                                        )

                                    [ProductID] => 4586
                                    [Rate] => 2
                                    [Quantity] => 2
                                    [Description] => SV - Regulatory Recovery Fee
                                )

                        )

                )

        )

)
</pre>Last Response XML: <xmp>0
<?xml version="1.0" encoding="utf-8"?>
	<soap:Envelope xmlns:soap="http://www.w3.org/2003/05/soap-envelope" xmlns:xsi="http://www.w3.org/2001/XMLSchema-instance" xmlns:xsd="http://www.w3.org/2001/XMLSchema">
		<soap:Body>
			<Lines_UpdateResponse xmlns="http://api.myh2o.com/v20">
				<Lines_UpdateResult>
					<Header>
						<Success>true
							</Success>
						<SessionKey>ROwAOspneAajbJIdLugF6hyXWdnSsb1mfrMCXVlhRnmMOm4oMB9OeK8zY8A+6nRUKc/9Jpo+w9MhAqADyjtf3LD96EBoy2rpRmBPSkQdTlSVnHAER4N22A==
							</SessionKey>
						<Impersonated>false
							</Impersonated>
						</Header>
					</Lines_UpdateResult>
				</Lines_UpdateResponse>
			</soap:Body>
		</soap:Envelope></xmp>Last Response: <pre>stdClass Object
(
    [Lines_UpdateResult] => stdClass Object
        (
            [Header] => stdClass Object
                (
                    [Success] => 1
                    [SessionKey] => ROwAOspneAajbJIdLugF6hyXWdnSsb1mfrMCXVlhRnmMOm4oMB9OeK8zY8A+6nRUKc/9Jpo+w9MhAqADyjtf3LD96EBoy2rpRmBPSkQdTlSVnHAER4N22A==
                    [Impersonated] => 
                )

        )

)
</pre>Last Resquest XML: <xmp>0
<?xml version="1.0" encoding="UTF-8"?>

	<env:Envelope xmlns:env="http://www.w3.org/2003/05/soap-envelope" xmlns:ns1="http://api.myh2o.com/v20">
		<env:Body>
			<ns1:Lines_Update>
				<ns1:Request>
					<ns1:Credentials>
						<ns1:Username>jrobbins
							</ns1:Username>
						<ns1:Password>g3ck0!
							</ns1:Password>
						<ns1:Client>cbv
							</ns1:Client>
						</ns1:Credentials>
					<ns1:Line_ID>3380
						</ns1:Line_ID>
					<ns1:Number>
						<ns1:Updated>true
							</ns1:Updated>
						<ns1:Value>3123333333
							</ns1:Value>
						</ns1:Number>
					</ns1:Request>
				</ns1:Lines_Update>
			</env:Body>
		</env:Envelope>
</xmp>Last Resquest: <pre>Array
(
    [Request] => Array
        (
            [Credentials] => Array
                (
                    [Username] => jrobbins
                    [Password] => g3ck0!
                    [Client] => cbv
                )

            [Line_ID] => 3380
            [Number] => Array
                (
                    [Updated] => 1
                    [Value] => 3123333333
                )

        )

)
</pre>Last Response XML: <xmp>0
<?xml version="1.0" encoding="utf-8"?>
	<soap:Envelope xmlns:soap="http://www.w3.org/2003/05/soap-envelope" xmlns:xsi="http://www.w3.org/2001/XMLSchema-instance" xmlns:xsd="http://www.w3.org/2001/XMLSchema">
		<soap:Body>
			<Orders_UpdateResponse xmlns="http://api.myh2o.com/v20">
				<Orders_UpdateResult>
					<Header>
						<Success>true
							</Success>
						<SessionKey>H4LmEnmhy/7KT1dpvWudVVWG8SfDBuHW5bF92cZkQtgqjePwNU3+mKyIKe9p/JpaNXm64Ot0BHOH0zL1nFj/wzZk1dm1qPMEMsg1aszGN/kKfFcELm01xQ==
							</SessionKey>
						<Impersonated>false
							</Impersonated>
						</Header>
					</Orders_UpdateResult>
				</Orders_UpdateResponse>
			</soap:Body>
		</soap:Envelope></xmp>Last Response: <pre>stdClass Object
(
    [Orders_UpdateResult] => stdClass Object
        (
            [Header] => stdClass Object
                (
                    [Success] => 1
                    [SessionKey] => H4LmEnmhy/7KT1dpvWudVVWG8SfDBuHW5bF92cZkQtgqjePwNU3+mKyIKe9p/JpaNXm64Ot0BHOH0zL1nFj/wzZk1dm1qPMEMsg1aszGN/kKfFcELm01xQ==
                    [Impersonated] => 
                )

        )

)
</pre>Last Resquest XML: <xmp>0
<?xml version="1.0" encoding="UTF-8"?>

	<env:Envelope xmlns:env="http://www.w3.org/2003/05/soap-envelope" xmlns:ns1="http://api.myh2o.com/v20">
		<env:Body>
			<ns1:Orders_Update>
				<ns1:Request>
					<ns1:Credentials>
						<ns1:Username>jrobbins
							</ns1:Username>
						<ns1:Password>g3ck0!
							</ns1:Password>
						<ns1:Client>cbv
							</ns1:Client>
						</ns1:Credentials>
					<ns1:OrderID>1276
						</ns1:OrderID>
					<ns1:Status>COMPLETE
						</ns1:Status>
					</ns1:Request>
				</ns1:Orders_Update>
			</env:Body>
		</env:Envelope>
</xmp>Last Resquest: <pre>Array
(
    [Request] => Array
        (
            [Credentials] => Array
                (
                    [Username] => jrobbins
                    [Password] => g3ck0!
                    [Client] => cbv
                )

            [OrderID] => 1276
            [Status] => COMPLETE
        )

)
</pre>

 ret_str: ../orderdetails.php?orderID=&status=1&customerid=1826&orderid=1276&lindeid=3380